<?xml version="1.0" encoding="UTF-8"?>
<!-- Generated by org.testng.reporters.JUnitXMLReporter -->
<testsuite ignored="0" hostname="LAPTOP-33RSLTBH" failures="0" tests="5" name="Default test" time="15.524" errors="0" timestamp="2025-03-02T21:41:11 IST">
  <testcase classname="com.opencart.testcases.Login" name="verifyLoginWithValidCredentials" time="0.732"/>
  <testcase classname="com.opencart.testcases.Login" name="verifyLoginDataDriven" time="0.656"/>
  <testcase classname="com.opencart.testcases.Login" name="verifyLoginDataDriven" time="0.637"/>
  <testcase classname="com.opencart.testcases.Login" name="verifyLoginWithInvalidCredentials" time="0.366"/>
  <testcase classname="com.opencart.testcases.Login" name="verifyLoginWithInvalidEmailAndValidPassword" time="0.385"/>
</testsuite> <!-- Default test -->
