<?xml version="1.0" encoding="UTF-8"?>
<!-- Generated by org.testng.reporters.JUnitXMLReporter -->
<testsuite ignored="3" hostname="LAPTOP-33RSLTBH" failures="0" tests="1" name="Default test" time="4.093" errors="0" timestamp="2025-03-03T19:21:26 IST">
  <testcase classname="com.opencart.testcases.Login" name="verifyLoginWithValidCredentials" time="0.753"/>
  <testcase classname="com.opencart.testcases.Login" name="verifyLoginWithInvalidCredentials" time="0.0">
    <ignored/>
  </testcase> <!-- verifyLoginWithInvalidCredentials -->
  <testcase classname="com.opencart.testcases.Login" name="verifyLoginWithInvalidEmailAndValidPassword" time="0.0">
    <ignored/>
  </testcase> <!-- verifyLoginWithInvalidEmailAndValidPassword -->
  <testcase classname="com.opencart.testcases.Login" name="verifyLoginWithDataProvider" time="0.0">
    <ignored/>
  </testcase> <!-- verifyLoginWithDataProvider -->
</testsuite> <!-- Default test -->
