<?xml version="1.0" encoding="UTF-8"?>
<!-- Generated by org.testng.reporters.JUnitXMLReporter -->
<testsuite ignored="0" hostname="LAPTOP-33RSLTBH" failures="0" tests="6" name="Test" time="19.552" errors="0" timestamp="2025-03-01T22:30:36 IST">
  <testcase classname="com.opencart.testcases.Login" name="verifyLoginWithInvalidCredentials" time="0.442"/>
  <testcase classname="com.opencart.testcases.Login" name="verifyLoginWithInvalidEmailAndValidPassword" time="0.348"/>
  <testcase classname="com.opencart.testcases.Login" name="verifyLoginWithValidCredentials" time="0.594"/>
  <testcase classname="com.opencart.testcases.Register" name="verifyLoginWithValidCredentials" time="1.771"/>
  <testcase classname="com.opencart.testcases.SearchProduct" name="verifyInvalidProductSearch" time="1.441"/>
  <testcase classname="com.opencart.testcases.SearchProduct" name="verifyValidProductSearch" time="1.43"/>
</testsuite> <!-- Test -->
