<?xml version="1.0" encoding="UTF-8"?>
<!-- Generated by org.testng.reporters.JUnitXMLReporter -->
<testsuite ignored="0" hostname="LAPTOP-33RSLTBH" failures="0" tests="8" name="Test" time="26.15" errors="0" timestamp="2025-03-03T17:07:06 IST">
  <testcase classname="com.opencart.testcases.Login" name="verifyLoginWithValidCredentials" time="0.871"/>
  <testcase classname="com.opencart.testcases.Login" name="verifyLoginDataDriven" time="0.63"/>
  <testcase classname="com.opencart.testcases.Login" name="verifyLoginDataDriven" time="0.661"/>
  <testcase classname="com.opencart.testcases.Login" name="verifyLoginWithInvalidCredentials" time="0.43"/>
  <testcase classname="com.opencart.testcases.Login" name="verifyLoginWithInvalidEmailAndValidPassword" time="0.395"/>
  <testcase classname="com.opencart.testcases.Register" name="verifyRegistrationWithMandatoryFields" time="1.866"/>
  <testcase classname="com.opencart.testcases.SearchProduct" name="verifyValidProductSearch" time="0.56"/>
  <testcase classname="com.opencart.testcases.SearchProduct" name="verifyInvalidProductSearch" time="0.545"/>
</testsuite> <!-- Test -->
