<?xml version="1.0" encoding="UTF-8"?>
<!-- Generated by org.testng.reporters.JUnitXMLReporter -->
<testsuite ignored="0" hostname="LAPTOP-33RSLTBH" failures="0" tests="8" name="OpenCart Tests" time="24.13" errors="0" timestamp="2025-03-03T18:05:32 IST">
  <testcase classname="com.opencart.testcases.Login" name="verifyLoginWithValidCredentials" time="0.658"/>
  <testcase classname="com.opencart.testcases.Register" name="verifyRegistrationWithMandatoryFields" time="1.794"/>
  <testcase classname="com.opencart.testcases.SearchProduct" name="verifyValidProductSearch" time="0.511"/>
  <testcase classname="com.opencart.testcases.SearchProduct" name="verifyInvalidProductSearch" time="0.53"/>
  <testcase classname="com.opencart.testcases.Login" name="verifyLoginWithDataProvider" time="0.666"/>
  <testcase classname="com.opencart.testcases.Login" name="verifyLoginWithDataProvider" time="0.654"/>
  <testcase classname="com.opencart.testcases.Login" name="verifyLoginWithInvalidCredentials" time="0.406"/>
  <testcase classname="com.opencart.testcases.Login" name="verifyLoginWithInvalidEmailAndValidPassword" time="0.388"/>
</testsuite> <!-- OpenCart Tests -->
