<?xml version="1.0" encoding="UTF-8"?>
<!-- Generated by org.testng.reporters.JUnitXMLReporter -->
<testsuite ignored="0" hostname="LAPTOP-33RSLTBH" failures="0" tests="8" name="OpenCart Tests" time="24.127" errors="0" timestamp="2025-03-02T23:26:18 IST">
  <testcase classname="com.opencart.testcases.Login" name="verifyLoginWithValidCredentials" time="0.685"/>
  <testcase classname="com.opencart.testcases.Register" name="verifyRegistrationWithMandatoryFields" time="1.844"/>
  <testcase classname="com.opencart.testcases.SearchProduct" name="verifyValidProductSearch" time="0.625"/>
  <testcase classname="com.opencart.testcases.SearchProduct" name="verifyInvalidProductSearch" time="0.455"/>
  <testcase classname="com.opencart.testcases.Login" name="verifyLoginDataDriven" time="0.614"/>
  <testcase classname="com.opencart.testcases.Login" name="verifyLoginDataDriven" time="0.612"/>
  <testcase classname="com.opencart.testcases.Login" name="verifyLoginWithInvalidCredentials" time="0.395"/>
  <testcase classname="com.opencart.testcases.Login" name="verifyLoginWithInvalidEmailAndValidPassword" time="0.37"/>
</testsuite> <!-- OpenCart Tests -->
