<?xml version="1.0" encoding="UTF-8"?>
<!-- Generated by org.testng.reporters.JUnitXMLReporter -->
<testsuite ignored="0" hostname="LAPTOP-33RSLTBH" failures="0" tests="8" name="User Authentication and Product Search Tests - firefox" time="64.228" errors="0" timestamp="2025-03-03T20:08:48 IST">
  <testcase classname="com.opencart.testcases.Login" name="verifyLoginWithValidCredentials" time="1.03"/>
  <testcase classname="com.opencart.testcases.Register" name="verifyRegistrationWithMandatoryFields" time="2.259"/>
  <testcase classname="com.opencart.testcases.SearchProduct" name="verifyValidProductSearch" time="0.722"/>
  <testcase classname="com.opencart.testcases.SearchProduct" name="verifyInvalidProductSearch" time="0.663"/>
  <testcase classname="com.opencart.testcases.Login" name="verifyLoginWithDataProvider" time="0.822"/>
  <testcase classname="com.opencart.testcases.Login" name="verifyLoginWithDataProvider" time="0.589"/>
  <testcase classname="com.opencart.testcases.Login" name="verifyLoginWithInvalidCredentials" time="0.333"/>
  <testcase classname="com.opencart.testcases.Login" name="verifyLoginWithInvalidEmailAndValidPassword" time="0.323"/>
</testsuite> <!-- User Authentication and Product Search Tests - firefox -->
