<?xml version="1.0" encoding="UTF-8"?>
<!-- Generated by org.testng.reporters.JUnitXMLReporter -->
<testsuite ignored="0" hostname="LAPTOP-33RSLTBH" failures="0" tests="8" name="User Authentication and Product Search Tests - chrome" time="45.009" errors="0" timestamp="2025-03-03T20:08:28 IST">
  <testcase classname="com.opencart.testcases.Login" name="verifyLoginWithValidCredentials" time="1.018"/>
  <testcase classname="com.opencart.testcases.Register" name="verifyRegistrationWithMandatoryFields" time="2.681"/>
  <testcase classname="com.opencart.testcases.SearchProduct" name="verifyValidProductSearch" time="0.806"/>
  <testcase classname="com.opencart.testcases.SearchProduct" name="verifyInvalidProductSearch" time="0.919"/>
  <testcase classname="com.opencart.testcases.Login" name="verifyLoginWithDataProvider" time="0.849"/>
  <testcase classname="com.opencart.testcases.Login" name="verifyLoginWithDataProvider" time="1.152"/>
  <testcase classname="com.opencart.testcases.Login" name="verifyLoginWithInvalidCredentials" time="0.542"/>
  <testcase classname="com.opencart.testcases.Login" name="verifyLoginWithInvalidEmailAndValidPassword" time="0.574"/>
</testsuite> <!-- User Authentication and Product Search Tests - chrome -->
