<?xml version="1.0" encoding="UTF-8"?>
<testng-results ignored="0" total="8" passed="8" failed="0" skipped="0">
  <reporter-output>
  </reporter-output>
  <suite started-at="2025-03-02T23:25:54 IST" name="OpenCart Test Automation Suite" finished-at="2025-03-02T23:26:18 IST" duration-ms="24127">
    <groups>
    </groups>
    <test started-at="2025-03-02T23:25:54 IST" name="OpenCart Tests" finished-at="2025-03-02T23:26:18 IST" duration-ms="24127">
      <class name="com.opencart.testcases.SearchProduct">
        <test-method is-config="true" signature="setup()[pri:0, instance:com.opencart.testcases.SearchProduct@1033576a]" started-at="2025-03-02T23:26:01 IST" name="setup" finished-at="2025-03-02T23:26:03 IST" duration-ms="2464" status="PASS">
          <reporter-output>
          </reporter-output>
        </test-method> <!-- setup -->
        <test-method signature="verifyValidProductSearch()[pri:0, instance:com.opencart.testcases.SearchProduct@1033576a]" started-at="2025-03-02T23:26:03 IST" name="verifyValidProductSearch" finished-at="2025-03-02T23:26:04 IST" depends-on-methods="verifyLoginWithValidCredentials" duration-ms="625" status="PASS">
          <reporter-output>
          </reporter-output>
        </test-method> <!-- verifyValidProductSearch -->
        <test-method is-config="true" signature="tearDown()[pri:0, instance:com.opencart.testcases.SearchProduct@1033576a]" started-at="2025-03-02T23:26:04 IST" name="tearDown" finished-at="2025-03-02T23:26:04 IST" duration-ms="127" status="PASS">
          <reporter-output>
          </reporter-output>
        </test-method> <!-- tearDown -->
        <test-method is-config="true" signature="setup()[pri:0, instance:com.opencart.testcases.SearchProduct@1033576a]" started-at="2025-03-02T23:26:04 IST" name="setup" finished-at="2025-03-02T23:26:07 IST" duration-ms="2641" status="PASS">
          <reporter-output>
          </reporter-output>
        </test-method> <!-- setup -->
        <test-method signature="verifyInvalidProductSearch()[pri:1, instance:com.opencart.testcases.SearchProduct@1033576a]" started-at="2025-03-02T23:26:07 IST" name="verifyInvalidProductSearch" finished-at="2025-03-02T23:26:07 IST" depends-on-methods="com.opencart.testcases.SearchProduct.verifyValidProductSearch" duration-ms="455" status="PASS">
          <reporter-output>
          </reporter-output>
        </test-method> <!-- verifyInvalidProductSearch -->
        <test-method is-config="true" signature="tearDown()[pri:0, instance:com.opencart.testcases.SearchProduct@1033576a]" started-at="2025-03-02T23:26:07 IST" name="tearDown" finished-at="2025-03-02T23:26:07 IST" duration-ms="106" status="PASS">
          <reporter-output>
          </reporter-output>
        </test-method> <!-- tearDown -->
      </class> <!-- com.opencart.testcases.SearchProduct -->
      <class name="com.opencart.testcases.Register">
        <test-method is-config="true" signature="setup()[pri:0, instance:com.opencart.testcases.Register@1349883]" started-at="2025-03-02T23:25:57 IST" name="setup" finished-at="2025-03-02T23:25:59 IST" duration-ms="1919" status="PASS">
          <reporter-output>
          </reporter-output>
        </test-method> <!-- setup -->
        <test-method signature="verifyRegistrationWithMandatoryFields()[pri:0, instance:com.opencart.testcases.Register@1349883]" started-at="2025-03-02T23:25:59 IST" name="verifyRegistrationWithMandatoryFields" finished-at="2025-03-02T23:26:01 IST" duration-ms="1844" status="PASS">
          <reporter-output>
          </reporter-output>
        </test-method> <!-- verifyRegistrationWithMandatoryFields -->
        <test-method is-config="true" signature="tearDown()[pri:0, instance:com.opencart.testcases.Register@1349883]" started-at="2025-03-02T23:26:01 IST" name="tearDown" finished-at="2025-03-02T23:26:01 IST" duration-ms="104" status="PASS">
          <reporter-output>
          </reporter-output>
        </test-method> <!-- tearDown -->
      </class> <!-- com.opencart.testcases.Register -->
      <class name="com.opencart.testcases.Login">
        <test-method is-config="true" signature="setup()[pri:0, instance:com.opencart.testcases.Login@247310d0]" started-at="2025-03-02T23:25:54 IST" name="setup" finished-at="2025-03-02T23:25:56 IST" duration-ms="2349" status="PASS">
          <reporter-output>
          </reporter-output>
        </test-method> <!-- setup -->
        <test-method signature="verifyLoginWithValidCredentials()[pri:0, instance:com.opencart.testcases.Login@247310d0]" started-at="2025-03-02T23:25:56 IST" name="verifyLoginWithValidCredentials" finished-at="2025-03-02T23:25:57 IST" duration-ms="685" status="PASS">
          <reporter-output>
          </reporter-output>
        </test-method> <!-- verifyLoginWithValidCredentials -->
        <test-method is-config="true" signature="tearDown()[pri:0, instance:com.opencart.testcases.Login@247310d0]" started-at="2025-03-02T23:25:57 IST" name="tearDown" finished-at="2025-03-02T23:25:57 IST" duration-ms="124" status="PASS">
          <reporter-output>
          </reporter-output>
        </test-method> <!-- tearDown -->
        <test-method is-config="true" signature="setup()[pri:0, instance:com.opencart.testcases.Login@247310d0]" started-at="2025-03-02T23:26:08 IST" name="setup" finished-at="2025-03-02T23:26:10 IST" duration-ms="1843" status="PASS">
          <reporter-output>
          </reporter-output>
        </test-method> <!-- setup -->
        <test-method signature="verifyLoginDataDriven(java.lang.String,java.lang.String)[pri:1, instance:com.opencart.testcases.Login@247310d0]" started-at="2025-03-02T23:26:10 IST" name="verifyLoginDataDriven" data-provider="loginData" finished-at="2025-03-02T23:26:11 IST" depends-on-methods="com.opencart.testcases.Login.verifyLoginWithValidCredentials" duration-ms="614" status="PASS">
          <params>
            <param index="0">
              <value>
                <![CDATA[ishvarkharche@gmail.com]]>
              </value>
            </param>
            <param index="1">
              <value>
                <![CDATA[password]]>
              </value>
            </param>
          </params>
          <reporter-output>
          </reporter-output>
        </test-method> <!-- verifyLoginDataDriven -->
        <test-method is-config="true" signature="tearDown()[pri:0, instance:com.opencart.testcases.Login@247310d0]" started-at="2025-03-02T23:26:11 IST" name="tearDown" finished-at="2025-03-02T23:26:11 IST" duration-ms="104" status="PASS">
          <reporter-output>
          </reporter-output>
        </test-method> <!-- tearDown -->
        <test-method is-config="true" signature="setup()[pri:0, instance:com.opencart.testcases.Login@247310d0]" started-at="2025-03-02T23:26:11 IST" name="setup" finished-at="2025-03-02T23:26:12 IST" duration-ms="1808" status="PASS">
          <reporter-output>
          </reporter-output>
        </test-method> <!-- setup -->
        <test-method signature="verifyLoginDataDriven(java.lang.String,java.lang.String)[pri:1, instance:com.opencart.testcases.Login@247310d0]" started-at="2025-03-02T23:26:12 IST" name="verifyLoginDataDriven" data-provider="loginData" finished-at="2025-03-02T23:26:13 IST" depends-on-methods="com.opencart.testcases.Login.verifyLoginWithValidCredentials" duration-ms="612" status="PASS">
          <params>
            <param index="0">
              <value>
                <![CDATA[ishvarkharcheas@gmail.com]]>
              </value>
            </param>
            <param index="1">
              <value>
                <![CDATA[password]]>
              </value>
            </param>
          </params>
          <reporter-output>
          </reporter-output>
        </test-method> <!-- verifyLoginDataDriven -->
        <test-method is-config="true" signature="tearDown()[pri:0, instance:com.opencart.testcases.Login@247310d0]" started-at="2025-03-02T23:26:13 IST" name="tearDown" finished-at="2025-03-02T23:26:13 IST" duration-ms="111" status="PASS">
          <reporter-output>
          </reporter-output>
        </test-method> <!-- tearDown -->
        <test-method is-config="true" signature="setup()[pri:0, instance:com.opencart.testcases.Login@247310d0]" started-at="2025-03-02T23:26:13 IST" name="setup" finished-at="2025-03-02T23:26:15 IST" duration-ms="1831" status="PASS">
          <reporter-output>
          </reporter-output>
        </test-method> <!-- setup -->
        <test-method signature="verifyLoginWithInvalidCredentials()[pri:2, instance:com.opencart.testcases.Login@247310d0]" started-at="2025-03-02T23:26:15 IST" name="verifyLoginWithInvalidCredentials" finished-at="2025-03-02T23:26:15 IST" duration-ms="395" status="PASS">
          <reporter-output>
          </reporter-output>
        </test-method> <!-- verifyLoginWithInvalidCredentials -->
        <test-method is-config="true" signature="tearDown()[pri:0, instance:com.opencart.testcases.Login@247310d0]" started-at="2025-03-02T23:26:15 IST" name="tearDown" finished-at="2025-03-02T23:26:15 IST" duration-ms="99" status="PASS">
          <reporter-output>
          </reporter-output>
        </test-method> <!-- tearDown -->
        <test-method is-config="true" signature="setup()[pri:0, instance:com.opencart.testcases.Login@247310d0]" started-at="2025-03-02T23:26:16 IST" name="setup" finished-at="2025-03-02T23:26:17 IST" duration-ms="1773" status="PASS">
          <reporter-output>
          </reporter-output>
        </test-method> <!-- setup -->
        <test-method signature="verifyLoginWithInvalidEmailAndValidPassword()[pri:3, instance:com.opencart.testcases.Login@247310d0]" started-at="2025-03-02T23:26:17 IST" name="verifyLoginWithInvalidEmailAndValidPassword" finished-at="2025-03-02T23:26:18 IST" duration-ms="370" status="PASS">
          <reporter-output>
          </reporter-output>
        </test-method> <!-- verifyLoginWithInvalidEmailAndValidPassword -->
        <test-method is-config="true" signature="tearDown()[pri:0, instance:com.opencart.testcases.Login@247310d0]" started-at="2025-03-02T23:26:18 IST" name="tearDown" finished-at="2025-03-02T23:26:18 IST" duration-ms="112" status="PASS">
          <reporter-output>
          </reporter-output>
        </test-method> <!-- tearDown -->
      </class> <!-- com.opencart.testcases.Login -->
    </test> <!-- OpenCart Tests -->
  </suite> <!-- OpenCart Test Automation Suite -->
</testng-results>
