<?xml version="1.0" encoding="UTF-8"?>
<testng-results ignored="0" total="16" passed="16" failed="0" skipped="0">
  <reporter-output>
  </reporter-output>
  <suite started-at="2025-03-03T20:07:43 IST" name="OpenCart Test Automation Suite" finished-at="2025-03-03T20:08:48 IST" duration-ms="64228">
    <groups>
    </groups>
    <test started-at="2025-03-03T20:07:43 IST" name="User Authentication and Product Search Tests - chrome" finished-at="2025-03-03T20:08:28 IST" duration-ms="45009">
      <class name="com.opencart.testcases.SearchProduct">
        <test-method is-config="true" signature="setup(java.lang.String)[pri:0, instance:com.opencart.testcases.SearchProduct@4351c8c3]" started-at="2025-03-03T20:07:58 IST" name="setup" finished-at="2025-03-03T20:08:03 IST" duration-ms="4815" status="PASS">
          <params>
            <param index="0">
              <value>
                <![CDATA[chrome]]>
              </value>
            </param>
          </params>
          <reporter-output>
          </reporter-output>
        </test-method> <!-- setup -->
        <test-method signature="verifyValidProductSearch()[pri:0, instance:com.opencart.testcases.SearchProduct@4351c8c3]" started-at="2025-03-03T20:08:03 IST" name="verifyValidProductSearch" finished-at="2025-03-03T20:08:04 IST" duration-ms="806" status="PASS">
          <reporter-output>
          </reporter-output>
        </test-method> <!-- verifyValidProductSearch -->
        <test-method is-config="true" signature="tearDown()[pri:0, instance:com.opencart.testcases.SearchProduct@4351c8c3]" started-at="2025-03-03T20:08:04 IST" name="tearDown" finished-at="2025-03-03T20:08:04 IST" duration-ms="257" status="PASS">
          <reporter-output>
          </reporter-output>
        </test-method> <!-- tearDown -->
        <test-method is-config="true" signature="setup(java.lang.String)[pri:0, instance:com.opencart.testcases.SearchProduct@4351c8c3]" started-at="2025-03-03T20:08:04 IST" name="setup" finished-at="2025-03-03T20:08:08 IST" duration-ms="4139" status="PASS">
          <params>
            <param index="0">
              <value>
                <![CDATA[chrome]]>
              </value>
            </param>
          </params>
          <reporter-output>
          </reporter-output>
        </test-method> <!-- setup -->
        <test-method signature="verifyInvalidProductSearch()[pri:1, instance:com.opencart.testcases.SearchProduct@4351c8c3]" started-at="2025-03-03T20:08:08 IST" name="verifyInvalidProductSearch" finished-at="2025-03-03T20:08:09 IST" duration-ms="919" status="PASS">
          <reporter-output>
          </reporter-output>
        </test-method> <!-- verifyInvalidProductSearch -->
        <test-method is-config="true" signature="tearDown()[pri:0, instance:com.opencart.testcases.SearchProduct@4351c8c3]" started-at="2025-03-03T20:08:09 IST" name="tearDown" finished-at="2025-03-03T20:08:09 IST" duration-ms="200" status="PASS">
          <reporter-output>
          </reporter-output>
        </test-method> <!-- tearDown -->
      </class> <!-- com.opencart.testcases.SearchProduct -->
      <class name="com.opencart.testcases.Register">
        <test-method is-config="true" signature="setup(java.lang.String)[pri:0, instance:com.opencart.testcases.Register@246f8b8b]" started-at="2025-03-03T20:07:50 IST" name="setup" finished-at="2025-03-03T20:07:55 IST" duration-ms="4730" status="PASS">
          <params>
            <param index="0">
              <value>
                <![CDATA[chrome]]>
              </value>
            </param>
          </params>
          <reporter-output>
          </reporter-output>
        </test-method> <!-- setup -->
        <test-method signature="verifyRegistrationWithMandatoryFields()[pri:0, instance:com.opencart.testcases.Register@246f8b8b]" started-at="2025-03-03T20:07:55 IST" name="verifyRegistrationWithMandatoryFields" finished-at="2025-03-03T20:07:58 IST" duration-ms="2681" status="PASS">
          <reporter-output>
          </reporter-output>
        </test-method> <!-- verifyRegistrationWithMandatoryFields -->
        <test-method is-config="true" signature="tearDown()[pri:0, instance:com.opencart.testcases.Register@246f8b8b]" started-at="2025-03-03T20:07:58 IST" name="tearDown" finished-at="2025-03-03T20:07:58 IST" duration-ms="246" status="PASS">
          <reporter-output>
          </reporter-output>
        </test-method> <!-- tearDown -->
      </class> <!-- com.opencart.testcases.Register -->
      <class name="com.opencart.testcases.Login">
        <test-method is-config="true" signature="setup(java.lang.String)[pri:0, instance:com.opencart.testcases.Login@278bb07e]" started-at="2025-03-03T20:07:44 IST" name="setup" finished-at="2025-03-03T20:07:49 IST" duration-ms="5486" status="PASS">
          <params>
            <param index="0">
              <value>
                <![CDATA[chrome]]>
              </value>
            </param>
          </params>
          <reporter-output>
          </reporter-output>
        </test-method> <!-- setup -->
        <test-method signature="verifyLoginWithValidCredentials()[pri:0, instance:com.opencart.testcases.Login@278bb07e]" started-at="2025-03-03T20:07:49 IST" name="verifyLoginWithValidCredentials" finished-at="2025-03-03T20:07:50 IST" duration-ms="1018" status="PASS">
          <reporter-output>
          </reporter-output>
        </test-method> <!-- verifyLoginWithValidCredentials -->
        <test-method is-config="true" signature="tearDown()[pri:0, instance:com.opencart.testcases.Login@278bb07e]" started-at="2025-03-03T20:07:50 IST" name="tearDown" finished-at="2025-03-03T20:07:50 IST" duration-ms="231" status="PASS">
          <reporter-output>
          </reporter-output>
        </test-method> <!-- tearDown -->
        <test-method is-config="true" signature="setup(java.lang.String)[pri:0, instance:com.opencart.testcases.Login@278bb07e]" started-at="2025-03-03T20:08:10 IST" name="setup" finished-at="2025-03-03T20:08:14 IST" duration-ms="3352" status="PASS">
          <params>
            <param index="0">
              <value>
                <![CDATA[chrome]]>
              </value>
            </param>
          </params>
          <reporter-output>
          </reporter-output>
        </test-method> <!-- setup -->
        <test-method signature="verifyLoginWithDataProvider(java.lang.String,java.lang.String)[pri:1, instance:com.opencart.testcases.Login@278bb07e]" started-at="2025-03-03T20:08:14 IST" name="verifyLoginWithDataProvider" data-provider="loginData" finished-at="2025-03-03T20:08:15 IST" duration-ms="849" status="PASS">
          <params>
            <param index="0">
              <value>
                <![CDATA[ishvarkharche@gmail.com]]>
              </value>
            </param>
            <param index="1">
              <value>
                <![CDATA[password]]>
              </value>
            </param>
          </params>
          <reporter-output>
          </reporter-output>
        </test-method> <!-- verifyLoginWithDataProvider -->
        <test-method is-config="true" signature="tearDown()[pri:0, instance:com.opencart.testcases.Login@278bb07e]" started-at="2025-03-03T20:08:15 IST" name="tearDown" finished-at="2025-03-03T20:08:15 IST" duration-ms="191" status="PASS">
          <reporter-output>
          </reporter-output>
        </test-method> <!-- tearDown -->
        <test-method is-config="true" signature="setup(java.lang.String)[pri:0, instance:com.opencart.testcases.Login@278bb07e]" started-at="2025-03-03T20:08:15 IST" name="setup" finished-at="2025-03-03T20:08:18 IST" duration-ms="3590" status="PASS">
          <params>
            <param index="0">
              <value>
                <![CDATA[chrome]]>
              </value>
            </param>
          </params>
          <reporter-output>
          </reporter-output>
        </test-method> <!-- setup -->
        <test-method signature="verifyLoginWithDataProvider(java.lang.String,java.lang.String)[pri:1, instance:com.opencart.testcases.Login@278bb07e]" started-at="2025-03-03T20:08:18 IST" name="verifyLoginWithDataProvider" data-provider="loginData" finished-at="2025-03-03T20:08:20 IST" duration-ms="1152" status="PASS">
          <params>
            <param index="0">
              <value>
                <![CDATA[ishvarkharcheas@gmail.com]]>
              </value>
            </param>
            <param index="1">
              <value>
                <![CDATA[password]]>
              </value>
            </param>
          </params>
          <reporter-output>
          </reporter-output>
        </test-method> <!-- verifyLoginWithDataProvider -->
        <test-method is-config="true" signature="tearDown()[pri:0, instance:com.opencart.testcases.Login@278bb07e]" started-at="2025-03-03T20:08:20 IST" name="tearDown" finished-at="2025-03-03T20:08:20 IST" duration-ms="234" status="PASS">
          <reporter-output>
          </reporter-output>
        </test-method> <!-- tearDown -->
        <test-method is-config="true" signature="setup(java.lang.String)[pri:0, instance:com.opencart.testcases.Login@278bb07e]" started-at="2025-03-03T20:08:20 IST" name="setup" finished-at="2025-03-03T20:08:23 IST" duration-ms="3375" status="PASS">
          <params>
            <param index="0">
              <value>
                <![CDATA[chrome]]>
              </value>
            </param>
          </params>
          <reporter-output>
          </reporter-output>
        </test-method> <!-- setup -->
        <test-method signature="verifyLoginWithInvalidCredentials()[pri:2, instance:com.opencart.testcases.Login@278bb07e]" started-at="2025-03-03T20:08:23 IST" name="verifyLoginWithInvalidCredentials" finished-at="2025-03-03T20:08:24 IST" duration-ms="542" status="PASS">
          <reporter-output>
          </reporter-output>
        </test-method> <!-- verifyLoginWithInvalidCredentials -->
        <test-method is-config="true" signature="tearDown()[pri:0, instance:com.opencart.testcases.Login@278bb07e]" started-at="2025-03-03T20:08:24 IST" name="tearDown" finished-at="2025-03-03T20:08:24 IST" duration-ms="227" status="PASS">
          <reporter-output>
          </reporter-output>
        </test-method> <!-- tearDown -->
        <test-method is-config="true" signature="setup(java.lang.String)[pri:0, instance:com.opencart.testcases.Login@278bb07e]" started-at="2025-03-03T20:08:24 IST" name="setup" finished-at="2025-03-03T20:08:27 IST" duration-ms="3385" status="PASS">
          <params>
            <param index="0">
              <value>
                <![CDATA[chrome]]>
              </value>
            </param>
          </params>
          <reporter-output>
          </reporter-output>
        </test-method> <!-- setup -->
        <test-method signature="verifyLoginWithInvalidEmailAndValidPassword()[pri:3, instance:com.opencart.testcases.Login@278bb07e]" started-at="2025-03-03T20:08:27 IST" name="verifyLoginWithInvalidEmailAndValidPassword" finished-at="2025-03-03T20:08:28 IST" duration-ms="574" status="PASS">
          <reporter-output>
          </reporter-output>
        </test-method> <!-- verifyLoginWithInvalidEmailAndValidPassword -->
        <test-method is-config="true" signature="tearDown()[pri:0, instance:com.opencart.testcases.Login@278bb07e]" started-at="2025-03-03T20:08:28 IST" name="tearDown" finished-at="2025-03-03T20:08:28 IST" duration-ms="329" status="PASS">
          <reporter-output>
          </reporter-output>
        </test-method> <!-- tearDown -->
      </class> <!-- com.opencart.testcases.Login -->
    </test> <!-- User Authentication and Product Search Tests - chrome -->
    <test started-at="2025-03-03T20:07:43 IST" name="User Authentication and Product Search Tests - firefox" finished-at="2025-03-03T20:08:48 IST" duration-ms="64228">
      <class name="com.opencart.testcases.SearchProduct">
        <test-method is-config="true" signature="setup(java.lang.String)[pri:0, instance:com.opencart.testcases.SearchProduct@f478a81]" started-at="2025-03-03T20:08:05 IST" name="setup" finished-at="2025-03-03T20:08:11 IST" duration-ms="6372" status="PASS">
          <params>
            <param index="0">
              <value>
                <![CDATA[firefox]]>
              </value>
            </param>
          </params>
          <reporter-output>
          </reporter-output>
        </test-method> <!-- setup -->
        <test-method signature="verifyValidProductSearch()[pri:0, instance:com.opencart.testcases.SearchProduct@f478a81]" started-at="2025-03-03T20:08:11 IST" name="verifyValidProductSearch" finished-at="2025-03-03T20:08:12 IST" duration-ms="722" status="PASS">
          <reporter-output>
          </reporter-output>
        </test-method> <!-- verifyValidProductSearch -->
        <test-method is-config="true" signature="tearDown()[pri:0, instance:com.opencart.testcases.SearchProduct@f478a81]" started-at="2025-03-03T20:08:12 IST" name="tearDown" finished-at="2025-03-03T20:08:14 IST" duration-ms="1537" status="PASS">
          <reporter-output>
          </reporter-output>
        </test-method> <!-- tearDown -->
        <test-method is-config="true" signature="setup(java.lang.String)[pri:0, instance:com.opencart.testcases.SearchProduct@f478a81]" started-at="2025-03-03T20:08:14 IST" name="setup" finished-at="2025-03-03T20:08:21 IST" duration-ms="7078" status="PASS">
          <params>
            <param index="0">
              <value>
                <![CDATA[firefox]]>
              </value>
            </param>
          </params>
          <reporter-output>
          </reporter-output>
        </test-method> <!-- setup -->
        <test-method signature="verifyInvalidProductSearch()[pri:1, instance:com.opencart.testcases.SearchProduct@f478a81]" started-at="2025-03-03T20:08:21 IST" name="verifyInvalidProductSearch" finished-at="2025-03-03T20:08:21 IST" duration-ms="663" status="PASS">
          <reporter-output>
          </reporter-output>
        </test-method> <!-- verifyInvalidProductSearch -->
        <test-method is-config="true" signature="tearDown()[pri:0, instance:com.opencart.testcases.SearchProduct@f478a81]" started-at="2025-03-03T20:08:21 IST" name="tearDown" finished-at="2025-03-03T20:08:23 IST" duration-ms="1437" status="PASS">
          <reporter-output>
          </reporter-output>
        </test-method> <!-- tearDown -->
      </class> <!-- com.opencart.testcases.SearchProduct -->
      <class name="com.opencart.testcases.Login">
        <test-method is-config="true" signature="setup(java.lang.String)[pri:0, instance:com.opencart.testcases.Login@47a86fbb]" started-at="2025-03-03T20:07:44 IST" name="setup" finished-at="2025-03-03T20:07:53 IST" duration-ms="9737" status="PASS">
          <params>
            <param index="0">
              <value>
                <![CDATA[firefox]]>
              </value>
            </param>
          </params>
          <reporter-output>
          </reporter-output>
        </test-method> <!-- setup -->
        <test-method signature="verifyLoginWithValidCredentials()[pri:0, instance:com.opencart.testcases.Login@47a86fbb]" started-at="2025-03-03T20:07:53 IST" name="verifyLoginWithValidCredentials" finished-at="2025-03-03T20:07:54 IST" duration-ms="1030" status="PASS">
          <reporter-output>
          </reporter-output>
        </test-method> <!-- verifyLoginWithValidCredentials -->
        <test-method is-config="true" signature="tearDown()[pri:0, instance:com.opencart.testcases.Login@47a86fbb]" started-at="2025-03-03T20:07:54 IST" name="tearDown" finished-at="2025-03-03T20:07:56 IST" duration-ms="1335" status="PASS">
          <reporter-output>
          </reporter-output>
        </test-method> <!-- tearDown -->
        <test-method is-config="true" signature="setup(java.lang.String)[pri:0, instance:com.opencart.testcases.Login@47a86fbb]" started-at="2025-03-03T20:08:23 IST" name="setup" finished-at="2025-03-03T20:08:29 IST" duration-ms="6417" status="PASS">
          <params>
            <param index="0">
              <value>
                <![CDATA[firefox]]>
              </value>
            </param>
          </params>
          <reporter-output>
          </reporter-output>
        </test-method> <!-- setup -->
        <test-method signature="verifyLoginWithDataProvider(java.lang.String,java.lang.String)[pri:1, instance:com.opencart.testcases.Login@47a86fbb]" started-at="2025-03-03T20:08:29 IST" name="verifyLoginWithDataProvider" data-provider="loginData" finished-at="2025-03-03T20:08:30 IST" duration-ms="822" status="PASS">
          <params>
            <param index="0">
              <value>
                <![CDATA[ishvarkharche@gmail.com]]>
              </value>
            </param>
            <param index="1">
              <value>
                <![CDATA[password]]>
              </value>
            </param>
          </params>
          <reporter-output>
          </reporter-output>
        </test-method> <!-- verifyLoginWithDataProvider -->
        <test-method is-config="true" signature="tearDown()[pri:0, instance:com.opencart.testcases.Login@47a86fbb]" started-at="2025-03-03T20:08:30 IST" name="tearDown" finished-at="2025-03-03T20:08:31 IST" duration-ms="939" status="PASS">
          <reporter-output>
          </reporter-output>
        </test-method> <!-- tearDown -->
        <test-method is-config="true" signature="setup(java.lang.String)[pri:0, instance:com.opencart.testcases.Login@47a86fbb]" started-at="2025-03-03T20:08:31 IST" name="setup" finished-at="2025-03-03T20:08:36 IST" duration-ms="4392" status="PASS">
          <params>
            <param index="0">
              <value>
                <![CDATA[firefox]]>
              </value>
            </param>
          </params>
          <reporter-output>
          </reporter-output>
        </test-method> <!-- setup -->
        <test-method signature="verifyLoginWithDataProvider(java.lang.String,java.lang.String)[pri:1, instance:com.opencart.testcases.Login@47a86fbb]" started-at="2025-03-03T20:08:36 IST" name="verifyLoginWithDataProvider" data-provider="loginData" finished-at="2025-03-03T20:08:36 IST" duration-ms="589" status="PASS">
          <params>
            <param index="0">
              <value>
                <![CDATA[ishvarkharcheas@gmail.com]]>
              </value>
            </param>
            <param index="1">
              <value>
                <![CDATA[password]]>
              </value>
            </param>
          </params>
          <reporter-output>
          </reporter-output>
        </test-method> <!-- verifyLoginWithDataProvider -->
        <test-method is-config="true" signature="tearDown()[pri:0, instance:com.opencart.testcases.Login@47a86fbb]" started-at="2025-03-03T20:08:36 IST" name="tearDown" finished-at="2025-03-03T20:08:37 IST" duration-ms="1100" status="PASS">
          <reporter-output>
          </reporter-output>
        </test-method> <!-- tearDown -->
        <test-method is-config="true" signature="setup(java.lang.String)[pri:0, instance:com.opencart.testcases.Login@47a86fbb]" started-at="2025-03-03T20:08:37 IST" name="setup" finished-at="2025-03-03T20:08:41 IST" duration-ms="3931" status="PASS">
          <params>
            <param index="0">
              <value>
                <![CDATA[firefox]]>
              </value>
            </param>
          </params>
          <reporter-output>
          </reporter-output>
        </test-method> <!-- setup -->
        <test-method signature="verifyLoginWithInvalidCredentials()[pri:2, instance:com.opencart.testcases.Login@47a86fbb]" started-at="2025-03-03T20:08:41 IST" name="verifyLoginWithInvalidCredentials" finished-at="2025-03-03T20:08:42 IST" duration-ms="333" status="PASS">
          <reporter-output>
          </reporter-output>
        </test-method> <!-- verifyLoginWithInvalidCredentials -->
        <test-method is-config="true" signature="tearDown()[pri:0, instance:com.opencart.testcases.Login@47a86fbb]" started-at="2025-03-03T20:08:42 IST" name="tearDown" finished-at="2025-03-03T20:08:42 IST" duration-ms="899" status="PASS">
          <reporter-output>
          </reporter-output>
        </test-method> <!-- tearDown -->
        <test-method is-config="true" signature="setup(java.lang.String)[pri:0, instance:com.opencart.testcases.Login@47a86fbb]" started-at="2025-03-03T20:08:42 IST" name="setup" finished-at="2025-03-03T20:08:46 IST" duration-ms="3843" status="PASS">
          <params>
            <param index="0">
              <value>
                <![CDATA[firefox]]>
              </value>
            </param>
          </params>
          <reporter-output>
          </reporter-output>
        </test-method> <!-- setup -->
        <test-method signature="verifyLoginWithInvalidEmailAndValidPassword()[pri:3, instance:com.opencart.testcases.Login@47a86fbb]" started-at="2025-03-03T20:08:46 IST" name="verifyLoginWithInvalidEmailAndValidPassword" finished-at="2025-03-03T20:08:47 IST" duration-ms="323" status="PASS">
          <reporter-output>
          </reporter-output>
        </test-method> <!-- verifyLoginWithInvalidEmailAndValidPassword -->
        <test-method is-config="true" signature="tearDown()[pri:0, instance:com.opencart.testcases.Login@47a86fbb]" started-at="2025-03-03T20:08:47 IST" name="tearDown" finished-at="2025-03-03T20:08:48 IST" duration-ms="904" status="PASS">
          <reporter-output>
          </reporter-output>
        </test-method> <!-- tearDown -->
      </class> <!-- com.opencart.testcases.Login -->
      <class name="com.opencart.testcases.Register">
        <test-method is-config="true" signature="setup(java.lang.String)[pri:0, instance:com.opencart.testcases.Register@7ac2e39b]" started-at="2025-03-03T20:07:56 IST" name="setup" finished-at="2025-03-03T20:08:02 IST" duration-ms="6047" status="PASS">
          <params>
            <param index="0">
              <value>
                <![CDATA[firefox]]>
              </value>
            </param>
          </params>
          <reporter-output>
          </reporter-output>
        </test-method> <!-- setup -->
        <test-method signature="verifyRegistrationWithMandatoryFields()[pri:0, instance:com.opencart.testcases.Register@7ac2e39b]" started-at="2025-03-03T20:08:02 IST" name="verifyRegistrationWithMandatoryFields" finished-at="2025-03-03T20:08:04 IST" duration-ms="2259" status="PASS">
          <reporter-output>
          </reporter-output>
        </test-method> <!-- verifyRegistrationWithMandatoryFields -->
        <test-method is-config="true" signature="tearDown()[pri:0, instance:com.opencart.testcases.Register@7ac2e39b]" started-at="2025-03-03T20:08:04 IST" name="tearDown" finished-at="2025-03-03T20:08:05 IST" duration-ms="1004" status="PASS">
          <reporter-output>
          </reporter-output>
        </test-method> <!-- tearDown -->
      </class> <!-- com.opencart.testcases.Register -->
    </test> <!-- User Authentication and Product Search Tests - firefox -->
  </suite> <!-- OpenCart Test Automation Suite -->
</testng-results>
